#
# There is insufficient memory for the Java Runtime Environment to continue.
# Native memory allocation (malloc) failed to allocate 32744 bytes for ChunkPool::allocate
# Possible reasons:
#   The system is out of physical RAM or swap space
#   The process is running with CompressedOops enabled, and the Java Heap may be blocking the growth of the native heap
# Possible solutions:
#   Reduce memory load on the system
#   Increase physical memory or swap space
#   Check if swap backing store is full
#   Decrease Java heap size (-Xmx/-Xms)
#   Decrease number of Java threads
#   Decrease Java thread stack sizes (-Xss)
#   Set larger code cache with -XX:ReservedCodeCacheSize=
#   JVM is running with Unscaled Compressed Oops mode in which the Java heap is
#     placed in the first 4GB address space. The Java Heap base address is the
#     maximum limit for the native heap growth. Please use -XX:HeapBaseMinAddress
#     to set the Java Heap base and to place the Java Heap above 4GB virtual address.
# This output file may be truncated or incomplete.
#
#  Out of Memory Error (./open/src/hotspot/share/memory/arena.cpp:81), pid=6964, tid=13032
#
# JRE version: Java(TM) SE Runtime Environment 18.9 (11.0.15+8) (build 11.0.15+8-LTS-149)
# Java VM: Java HotSpot(TM) 64-Bit Server VM 18.9 (11.0.15+8-LTS-149, mixed mode, tiered, compressed oops, g1 gc, windows-amd64)
# No core dump will be written. Minidumps are not enabled by default on client versions of Windows
#

---------------  S U M M A R Y ------------

Command Line: -javaagent:C:\Program Files\JetBrains\IntelliJ IDEA Community Edition 2022.2.1\lib\idea_rt.jar=55946:C:\Program Files\JetBrains\IntelliJ IDEA Community Edition 2022.2.1\bin -Dfile.encoding=UTF-8 com.spring.mongo.demo.SpringBootMongoDBApplication

Host: Intel(R) Xeon(R) Platinum 8272CL CPU @ 2.60GHz, 2 cores, 7G,  Windows 10 , 64 bit Build 19041 (10.0.19041.1889)
Time: Thu Sep  1 05:01:12 2022 Coordinated Universal Time elapsed time: 8.008960 seconds (0d 0h 0m 8s)

---------------  T H R E A D  ---------------

Current thread (0x00000146709b6800):  JavaThread "C2 CompilerThread0" daemon [_thread_in_native, id=13032, stack(0x0000001b55e00000,0x0000001b55f00000)]


Current CompileTask:
C2:   8009 3465   !   4       jdk.internal.loader.BuiltinClassLoader::loadClassOrNull (143 bytes)

Stack: [0x0000001b55e00000,0x0000001b55f00000]
Native frames: (J=compiled Java code, j=interpreted, Vv=VM code, C=native code)
V  [jvm.dll+0x629d8a]
V  [jvm.dll+0x7638ff]
V  [jvm.dll+0x764fa9]
V  [jvm.dll+0x765633]
V  [jvm.dll+0x23d9c8]
V  [jvm.dll+0xb2c7b]
V  [jvm.dll+0xb2fdc]
V  [jvm.dll+0xb2b2b]
V  [jvm.dll+0x60a0af]
V  [jvm.dll+0x659583]
V  [jvm.dll+0x18cddd]
V  [jvm.dll+0x1f8672]
V  [jvm.dll+0x1f774d]
V  [jvm.dll+0x177c51]
V  [jvm.dll+0x207026]
V  [jvm.dll+0x2051bb]
V  [jvm.dll+0x729820]
V  [jvm.dll+0x7223f4]
V  [jvm.dll+0x628c26]
C  [ucrtbase.dll+0x21bb2]
C  [KERNEL32.DLL+0x17034]
C  [ntdll.dll+0x52651]


---------------  P R O C E S S  ---------------

Threads class SMR info:
_java_thread_list=0x0000014671a1d380, length=18, elements={
0x000001465353a800, 0x0000014670990800, 0x0000014670991800, 0x0000014671232800,
0x00000146709ae000, 0x00000146709af000, 0x00000146709b6800, 0x00000146709ec000,
0x0000014671266000, 0x0000014670935800, 0x00000146715c2800, 0x0000014672136800,
0x0000014672137800, 0x0000014671d69800, 0x0000014672bb0800, 0x0000014672b47800,
0x0000014672e97800, 0x0000014672a67800
}

Java Threads: ( => current thread )
  0x000001465353a800 JavaThread "main" [_thread_blocked, id=12592, stack(0x0000001b55100000,0x0000001b55200000)]
  0x0000014670990800 JavaThread "Reference Handler" daemon [_thread_blocked, id=7372, stack(0x0000001b55900000,0x0000001b55a00000)]
  0x0000014670991800 JavaThread "Finalizer" daemon [_thread_blocked, id=3876, stack(0x0000001b55a00000,0x0000001b55b00000)]
  0x0000014671232800 JavaThread "Signal Dispatcher" daemon [_thread_blocked, id=5600, stack(0x0000001b55b00000,0x0000001b55c00000)]
  0x00000146709ae000 JavaThread "Attach Listener" daemon [_thread_blocked, id=7700, stack(0x0000001b55c00000,0x0000001b55d00000)]
  0x00000146709af000 JavaThread "Service Thread" daemon [_thread_blocked, id=4572, stack(0x0000001b55d00000,0x0000001b55e00000)]
=>0x00000146709b6800 JavaThread "C2 CompilerThread0" daemon [_thread_in_native, id=13032, stack(0x0000001b55e00000,0x0000001b55f00000)]
  0x00000146709ec000 JavaThread "C1 CompilerThread0" daemon [_thread_in_native, id=9780, stack(0x0000001b55f00000,0x0000001b56000000)]
  0x0000014671266000 JavaThread "Sweeper thread" daemon [_thread_blocked, id=12960, stack(0x0000001b56000000,0x0000001b56100000)]
  0x0000014670935800 JavaThread "Common-Cleaner" daemon [_thread_blocked, id=8136, stack(0x0000001b56100000,0x0000001b56200000)]
  0x00000146715c2800 JavaThread "Monitor Ctrl-Break" daemon [_thread_in_native, id=11880, stack(0x0000001b56200000,0x0000001b56300000)]
  0x0000014672136800 JavaThread "Thread-0" [_thread_blocked, id=2116, stack(0x0000001b56500000,0x0000001b56600000)]
  0x0000014672137800 JavaThread "restartedMain" [_thread_in_vm, id=11928, stack(0x0000001b56600000,0x0000001b56700000)]
  0x0000014671d69800 JavaThread "Catalina-utility-1" [_thread_blocked, id=3736, stack(0x0000001b56700000,0x0000001b56800000)]
  0x0000014672bb0800 JavaThread "Catalina-utility-2" [_thread_blocked, id=7616, stack(0x0000001b56800000,0x0000001b56900000)]
  0x0000014672b47800 JavaThread "container-0" [_thread_blocked, id=8448, stack(0x0000001b56900000,0x0000001b56a00000)]
  0x0000014672e97800 JavaThread "cluster-ClusterId{value='63103c9785d717716986eb75', description='null'}-localhost:27017" daemon [_thread_blocked, id=4612, stack(0x0000001b56a00000,0x0000001b56b00000)]
  0x0000014672a67800 JavaThread "Live Reload Server" daemon [_thread_in_native, id=7932, stack(0x0000001b56d00000,0x0000001b56e00000)]

Other Threads:
  0x000001467098e800 VMThread "VM Thread" [stack: 0x0000001b55800000,0x0000001b55900000] [id=6288]
  0x0000014671674800 WatcherThread [stack: 0x0000001b56300000,0x0000001b56400000] [id=12232]
  0x000001465354f800 GCTaskThread "GC Thread#0" [stack: 0x0000001b55300000,0x0000001b55400000] [id=10684]
  0x0000014671888800 GCTaskThread "GC Thread#1" [stack: 0x0000001b56400000,0x0000001b56500000] [id=2132]
  0x0000014653581000 ConcurrentGCThread "G1 Main Marker" [stack: 0x0000001b55400000,0x0000001b55500000] [id=10640]
  0x0000014653583800 ConcurrentGCThread "G1 Conc#0" [stack: 0x0000001b55500000,0x0000001b55600000] [id=11940]
  0x000001465360b000 ConcurrentGCThread "G1 Refine#0" [stack: 0x0000001b55600000,0x0000001b55700000] [id=13052]
  0x000001465360c000 ConcurrentGCThread "G1 Young RemSet Sampling" [stack: 0x0000001b55700000,0x0000001b55800000] [id=4580]

Threads with active compile tasks:
C2 CompilerThread0   8029 3465   !   4       jdk.internal.loader.BuiltinClassLoader::loadClassOrNull (143 bytes)
C1 CompilerThread0   8029 3810       2       org.springframework.context.support.ApplicationObjectSupport::getApplicationContext (51 bytes)

VM state:not at safepoint (normal execution)

VM Mutex/Monitor currently owned by a thread: None

Heap address: 0x0000000080000000, size: 2048 MB, Compressed Oops mode: 32-bit
Narrow klass base: 0x0000000000000000, Narrow klass shift: 3
Compressed class space size: 1073741824 Address: 0x0000000100000000

Heap:
 garbage-first heap   total 157696K, used 50088K [0x0000000080000000, 0x0000000100000000)
  region size 1024K, 46 young (47104K), 7 survivors (7168K)
 Metaspace       used 40411K, capacity 41619K, committed 41648K, reserved 1085440K
  class space    used 4863K, capacity 5348K, committed 5376K, reserved 1048576K
Heap Regions: E=young(eden), S=young(survivor), O=old, HS=humongous(starts), HC=humongous(continues), CS=collection set, F=free, A=archive, TAMS=top-at-mark-start (previous, next)
|   0|0x0000000080000000, 0x0000000080100000, 0x0000000080100000|100%| O|  |TAMS 0x0000000080100000, 0x0000000080000000| Untracked 
|   1|0x0000000080100000, 0x0000000080200000, 0x0000000080200000|100%| O|  |TAMS 0x0000000080200000, 0x0000000080100000| Untracked 
|   2|0x0000000080200000, 0x0000000080300000, 0x0000000080300000|100%| O|  |TAMS 0x0000000080300000, 0x0000000080200000| Untracked 
|   3|0x0000000080300000, 0x00000000803ea000, 0x0000000080400000| 91%| O|  |TAMS 0x00000000803ea000, 0x0000000080300000| Untracked 
|   4|0x0000000080400000, 0x0000000080400000, 0x0000000080500000|  0%| F|  |TAMS 0x0000000080400000, 0x0000000080400000| Untracked 
|   5|0x0000000080500000, 0x0000000080500000, 0x0000000080600000|  0%| F|  |TAMS 0x0000000080500000, 0x0000000080500000| Untracked 
|   6|0x0000000080600000, 0x0000000080600000, 0x0000000080700000|  0%| F|  |TAMS 0x0000000080600000, 0x0000000080600000| Untracked 
|   7|0x0000000080700000, 0x0000000080700000, 0x0000000080800000|  0%| F|  |TAMS 0x0000000080700000, 0x0000000080700000| Untracked 
|   8|0x0000000080800000, 0x0000000080800000, 0x0000000080900000|  0%| F|  |TAMS 0x0000000080800000, 0x0000000080800000| Untracked 
|   9|0x0000000080900000, 0x0000000080900000, 0x0000000080a00000|  0%| F|  |TAMS 0x0000000080900000, 0x0000000080900000| Untracked 
|  10|0x0000000080a00000, 0x0000000080a00000, 0x0000000080b00000|  0%| F|  |TAMS 0x0000000080a00000, 0x0000000080a00000| Untracked 
|  11|0x0000000080b00000, 0x0000000080b00000, 0x0000000080c00000|  0%| F|  |TAMS 0x0000000080b00000, 0x0000000080b00000| Untracked 
|  12|0x0000000080c00000, 0x0000000080c00000, 0x0000000080d00000|  0%| F|  |TAMS 0x0000000080c00000, 0x0000000080c00000| Untracked 
|  13|0x0000000080d00000, 0x0000000080d00000, 0x0000000080e00000|  0%| F|  |TAMS 0x0000000080d00000, 0x0000000080d00000| Untracked 
|  14|0x0000000080e00000, 0x0000000080e00000, 0x0000000080f00000|  0%| F|  |TAMS 0x0000000080e00000, 0x0000000080e00000| Untracked 
|  15|0x0000000080f00000, 0x0000000080f00000, 0x0000000081000000|  0%| F|  |TAMS 0x0000000080f00000, 0x0000000080f00000| Untracked 
|  16|0x0000000081000000, 0x0000000081000000, 0x0000000081100000|  0%| F|  |TAMS 0x0000000081000000, 0x0000000081000000| Untracked 
|  17|0x0000000081100000, 0x0000000081100000, 0x0000000081200000|  0%| F|  |TAMS 0x0000000081100000, 0x0000000081100000| Untracked 
|  18|0x0000000081200000, 0x0000000081200000, 0x0000000081300000|  0%| F|  |TAMS 0x0000000081200000, 0x0000000081200000| Untracked 
|  19|0x0000000081300000, 0x0000000081300000, 0x0000000081400000|  0%| F|  |TAMS 0x0000000081300000, 0x0000000081300000| Untracked 
|  20|0x0000000081400000, 0x0000000081400000, 0x0000000081500000|  0%| F|  |TAMS 0x0000000081400000, 0x0000000081400000| Untracked 
|  21|0x0000000081500000, 0x0000000081500000, 0x0000000081600000|  0%| F|  |TAMS 0x0000000081500000, 0x0000000081500000| Untracked 
|  22|0x0000000081600000, 0x0000000081600000, 0x0000000081700000|  0%| F|  |TAMS 0x0000000081600000, 0x0000000081600000| Untracked 
|  23|0x0000000081700000, 0x0000000081700000, 0x0000000081800000|  0%| F|  |TAMS 0x0000000081700000, 0x0000000081700000| Untracked 
|  24|0x0000000081800000, 0x0000000081800000, 0x0000000081900000|  0%| F|  |TAMS 0x0000000081800000, 0x0000000081800000| Untracked 
|  25|0x0000000081900000, 0x0000000081900000, 0x0000000081a00000|  0%| F|  |TAMS 0x0000000081900000, 0x0000000081900000| Untracked 
|  26|0x0000000081a00000, 0x0000000081a00000, 0x0000000081b00000|  0%| F|  |TAMS 0x0000000081a00000, 0x0000000081a00000| Untracked 
|  27|0x0000000081b00000, 0x0000000081b00000, 0x0000000081c00000|  0%| F|  |TAMS 0x0000000081b00000, 0x0000000081b00000| Untracked 
|  28|0x0000000081c00000, 0x0000000081c00000, 0x0000000081d00000|  0%| F|  |TAMS 0x0000000081c00000, 0x0000000081c00000| Untracked 
|  29|0x0000000081d00000, 0x0000000081d00000, 0x0000000081e00000|  0%| F|  |TAMS 0x0000000081d00000, 0x0000000081d00000| Untracked 
|  30|0x0000000081e00000, 0x0000000081e00000, 0x0000000081f00000|  0%| F|  |TAMS 0x0000000081e00000, 0x0000000081e00000| Untracked 
|  31|0x0000000081f00000, 0x0000000081f00000, 0x0000000082000000|  0%| F|  |TAMS 0x0000000081f00000, 0x0000000081f00000| Untracked 
|  32|0x0000000082000000, 0x0000000082000000, 0x0000000082100000|  0%| F|  |TAMS 0x0000000082000000, 0x0000000082000000| Untracked 
|  33|0x0000000082100000, 0x0000000082100000, 0x0000000082200000|  0%| F|  |TAMS 0x0000000082100000, 0x0000000082100000| Untracked 
|  34|0x0000000082200000, 0x0000000082200000, 0x0000000082300000|  0%| F|  |TAMS 0x0000000082200000, 0x0000000082200000| Untracked 
|  35|0x0000000082300000, 0x0000000082300000, 0x0000000082400000|  0%| F|  |TAMS 0x0000000082300000, 0x0000000082300000| Untracked 
|  36|0x0000000082400000, 0x0000000082400000, 0x0000000082500000|  0%| F|  |TAMS 0x0000000082400000, 0x0000000082400000| Untracked 
|  37|0x0000000082500000, 0x0000000082500000, 0x0000000082600000|  0%| F|  |TAMS 0x0000000082500000, 0x0000000082500000| Untracked 
|  38|0x0000000082600000, 0x0000000082600000, 0x0000000082700000|  0%| F|  |TAMS 0x0000000082600000, 0x0000000082600000| Untracked 
|  39|0x0000000082700000, 0x0000000082700000, 0x0000000082800000|  0%| F|  |TAMS 0x0000000082700000, 0x0000000082700000| Untracked 
|  40|0x0000000082800000, 0x0000000082800000, 0x0000000082900000|  0%| F|  |TAMS 0x0000000082800000, 0x0000000082800000| Untracked 
|  41|0x0000000082900000, 0x0000000082900000, 0x0000000082a00000|  0%| F|  |TAMS 0x0000000082900000, 0x0000000082900000| Untracked 
|  42|0x0000000082a00000, 0x0000000082a00000, 0x0000000082b00000|  0%| F|  |TAMS 0x0000000082a00000, 0x0000000082a00000| Untracked 
|  43|0x0000000082b00000, 0x0000000082b00000, 0x0000000082c00000|  0%| F|  |TAMS 0x0000000082b00000, 0x0000000082b00000| Untracked 
|  44|0x0000000082c00000, 0x0000000082c00000, 0x0000000082d00000|  0%| F|  |TAMS 0x0000000082c00000, 0x0000000082c00000| Untracked 
|  45|0x0000000082d00000, 0x0000000082d00000, 0x0000000082e00000|  0%| F|  |TAMS 0x0000000082d00000, 0x0000000082d00000| Untracked 
|  46|0x0000000082e00000, 0x0000000082e00000, 0x0000000082f00000|  0%| F|  |TAMS 0x0000000082e00000, 0x0000000082e00000| Untracked 
|  47|0x0000000082f00000, 0x0000000082f00000, 0x0000000083000000|  0%| F|  |TAMS 0x0000000082f00000, 0x0000000082f00000| Untracked 
|  48|0x0000000083000000, 0x0000000083000000, 0x0000000083100000|  0%| F|  |TAMS 0x0000000083000000, 0x0000000083000000| Untracked 
|  49|0x0000000083100000, 0x0000000083100000, 0x0000000083200000|  0%| F|  |TAMS 0x0000000083100000, 0x0000000083100000| Untracked 
|  50|0x0000000083200000, 0x0000000083200000, 0x0000000083300000|  0%| F|  |TAMS 0x0000000083200000, 0x0000000083200000| Untracked 
|  51|0x0000000083300000, 0x0000000083300000, 0x0000000083400000|  0%| F|  |TAMS 0x0000000083300000, 0x0000000083300000| Untracked 
|  52|0x0000000083400000, 0x0000000083400000, 0x0000000083500000|  0%| F|  |TAMS 0x0000000083400000, 0x0000000083400000| Untracked 
|  53|0x0000000083500000, 0x0000000083500000, 0x0000000083600000|  0%| F|  |TAMS 0x0000000083500000, 0x0000000083500000| Untracked 
|  54|0x0000000083600000, 0x0000000083600000, 0x0000000083700000|  0%| F|  |TAMS 0x0000000083600000, 0x0000000083600000| Untracked 
|  55|0x0000000083700000, 0x0000000083700000, 0x0000000083800000|  0%| F|  |TAMS 0x0000000083700000, 0x0000000083700000| Untracked 
|  56|0x0000000083800000, 0x0000000083800000, 0x0000000083900000|  0%| F|  |TAMS 0x0000000083800000, 0x0000000083800000| Untracked 
|  57|0x0000000083900000, 0x0000000083900000, 0x0000000083a00000|  0%| F|  |TAMS 0x0000000083900000, 0x0000000083900000| Untracked 
|  58|0x0000000083a00000, 0x0000000083a00000, 0x0000000083b00000|  0%| F|  |TAMS 0x0000000083a00000, 0x0000000083a00000| Untracked 
|  59|0x0000000083b00000, 0x0000000083b00000, 0x0000000083c00000|  0%| F|  |TAMS 0x0000000083b00000, 0x0000000083b00000| Untracked 
|  60|0x0000000083c00000, 0x0000000083c00000, 0x0000000083d00000|  0%| F|  |TAMS 0x0000000083c00000, 0x0000000083c00000| Untracked 
|  61|0x0000000083d00000, 0x0000000083d00000, 0x0000000083e00000|  0%| F|  |TAMS 0x0000000083d00000, 0x0000000083d00000| Untracked 
|  62|0x0000000083e00000, 0x0000000083e00000, 0x0000000083f00000|  0%| F|  |TAMS 0x0000000083e00000, 0x0000000083e00000| Untracked 
|  63|0x0000000083f00000, 0x0000000083f00000, 0x0000000084000000|  0%| F|  |TAMS 0x0000000083f00000, 0x0000000083f00000| Untracked 
|  64|0x0000000084000000, 0x0000000084000000, 0x0000000084100000|  0%| F|  |TAMS 0x0000000084000000, 0x0000000084000000| Untracked 
|  65|0x0000000084100000, 0x0000000084100000, 0x0000000084200000|  0%| F|  |TAMS 0x0000000084100000, 0x0000000084100000| Untracked 
|  66|0x0000000084200000, 0x0000000084200000, 0x0000000084300000|  0%| F|  |TAMS 0x0000000084200000, 0x0000000084200000| Untracked 
|  67|0x0000000084300000, 0x0000000084300000, 0x0000000084400000|  0%| F|  |TAMS 0x0000000084300000, 0x0000000084300000| Untracked 
|  68|0x0000000084400000, 0x0000000084400000, 0x0000000084500000|  0%| F|  |TAMS 0x0000000084400000, 0x0000000084400000| Untracked 
|  69|0x0000000084500000, 0x0000000084500000, 0x0000000084600000|  0%| F|  |TAMS 0x0000000084500000, 0x0000000084500000| Untracked 
|  70|0x0000000084600000, 0x0000000084600000, 0x0000000084700000|  0%| F|  |TAMS 0x0000000084600000, 0x0000000084600000| Untracked 
|  71|0x0000000084700000, 0x0000000084700000, 0x0000000084800000|  0%| F|  |TAMS 0x0000000084700000, 0x0000000084700000| Untracked 
|  72|0x0000000084800000, 0x0000000084800000, 0x0000000084900000|  0%| F|  |TAMS 0x0000000084800000, 0x0000000084800000| Untracked 
|  73|0x0000000084900000, 0x0000000084900000, 0x0000000084a00000|  0%| F|  |TAMS 0x0000000084900000, 0x0000000084900000| Untracked 
|  74|0x0000000084a00000, 0x0000000084a00000, 0x0000000084b00000|  0%| F|  |TAMS 0x0000000084a00000, 0x0000000084a00000| Untracked 
|  75|0x0000000084b00000, 0x0000000084b00000, 0x0000000084c00000|  0%| F|  |TAMS 0x0000000084b00000, 0x0000000084b00000| Untracked 
|  76|0x0000000084c00000, 0x0000000084c00000, 0x0000000084d00000|  0%| F|  |TAMS 0x0000000084c00000, 0x0000000084c00000| Untracked 
|  77|0x0000000084d00000, 0x0000000084d00000, 0x0000000084e00000|  0%| F|  |TAMS 0x0000000084d00000, 0x0000000084d00000| Untracked 
|  78|0x0000000084e00000, 0x0000000084e00000, 0x0000000084f00000|  0%| F|  |TAMS 0x0000000084e00000, 0x0000000084e00000| Untracked 
|  79|0x0000000084f00000, 0x0000000084f00000, 0x0000000085000000|  0%| F|  |TAMS 0x0000000084f00000, 0x0000000084f00000| Untracked 
|  80|0x0000000085000000, 0x0000000085000000, 0x0000000085100000|  0%| F|  |TAMS 0x0000000085000000, 0x0000000085000000| Untracked 
|  81|0x0000000085100000, 0x0000000085100000, 0x0000000085200000|  0%| F|  |TAMS 0x0000000085100000, 0x0000000085100000| Untracked 
|  82|0x0000000085200000, 0x0000000085200000, 0x0000000085300000|  0%| F|  |TAMS 0x0000000085200000, 0x0000000085200000| Untracked 
|  83|0x0000000085300000, 0x0000000085300000, 0x0000000085400000|  0%| F|  |TAMS 0x0000000085300000, 0x0000000085300000| Untracked 
|  84|0x0000000085400000, 0x0000000085400000, 0x0000000085500000|  0%| F|  |TAMS 0x0000000085400000, 0x0000000085400000| Untracked 
|  85|0x0000000085500000, 0x0000000085500000, 0x0000000085600000|  0%| F|  |TAMS 0x0000000085500000, 0x0000000085500000| Untracked 
|  86|0x0000000085600000, 0x0000000085600000, 0x0000000085700000|  0%| F|  |TAMS 0x0000000085600000, 0x0000000085600000| Untracked 
|  87|0x0000000085700000, 0x0000000085700000, 0x0000000085800000|  0%| F|  |TAMS 0x0000000085700000, 0x0000000085700000| Untracked 
|  88|0x0000000085800000, 0x0000000085800000, 0x0000000085900000|  0%| F|  |TAMS 0x0000000085800000, 0x0000000085800000| Untracked 
|  89|0x0000000085900000, 0x0000000085900000, 0x0000000085a00000|  0%| F|  |TAMS 0x0000000085900000, 0x0000000085900000| Untracked 
|  90|0x0000000085a00000, 0x0000000085a00000, 0x0000000085b00000|  0%| F|  |TAMS 0x0000000085a00000, 0x0000000085a00000| Untracked 
|  91|0x0000000085b00000, 0x0000000085b00000, 0x0000000085c00000|  0%| F|  |TAMS 0x0000000085b00000, 0x0000000085b00000| Untracked 
|  92|0x0000000085c00000, 0x0000000085c00000, 0x0000000085d00000|  0%| F|  |TAMS 0x0000000085c00000, 0x0000000085c00000| Untracked 
|  93|0x0000000085d00000, 0x0000000085d00000, 0x0000000085e00000|  0%| F|  |TAMS 0x0000000085d00000, 0x0000000085d00000| Untracked 
|  94|0x0000000085e00000, 0x0000000085e00000, 0x0000000085f00000|  0%| F|  |TAMS 0x0000000085e00000, 0x0000000085e00000| Untracked 
|  95|0x0000000085f00000, 0x0000000086000000, 0x0000000086000000|100%| S|CS|TAMS 0x0000000085f00000, 0x0000000085f00000| Complete 
|  96|0x0000000086000000, 0x0000000086100000, 0x0000000086100000|100%| S|CS|TAMS 0x0000000086000000, 0x0000000086000000| Complete 
|  97|0x0000000086100000, 0x0000000086200000, 0x0000000086200000|100%| S|CS|TAMS 0x0000000086100000, 0x0000000086100000| Complete 
|  98|0x0000000086200000, 0x0000000086300000, 0x0000000086300000|100%| S|CS|TAMS 0x0000000086200000, 0x0000000086200000| Complete 
|  99|0x0000000086300000, 0x0000000086400000, 0x0000000086400000|100%| S|CS|TAMS 0x0000000086300000, 0x0000000086300000| Complete 
| 100|0x0000000086400000, 0x0000000086500000, 0x0000000086500000|100%| S|CS|TAMS 0x0000000086400000, 0x0000000086400000| Complete 
| 101|0x0000000086500000, 0x0000000086600000, 0x0000000086600000|100%| S|CS|TAMS 0x0000000086500000, 0x0000000086500000| Complete 
| 102|0x0000000086600000, 0x0000000086600000, 0x0000000086700000|  0%| F|  |TAMS 0x0000000086600000, 0x0000000086600000| Untracked 
| 103|0x0000000086700000, 0x0000000086700000, 0x0000000086800000|  0%| F|  |TAMS 0x0000000086700000, 0x0000000086700000| Untracked 
| 104|0x0000000086800000, 0x0000000086800000, 0x0000000086900000|  0%| F|  |TAMS 0x0000000086800000, 0x0000000086800000| Untracked 
| 105|0x0000000086900000, 0x0000000086900000, 0x0000000086a00000|  0%| F|  |TAMS 0x0000000086900000, 0x0000000086900000| Untracked 
| 106|0x0000000086a00000, 0x0000000086a00000, 0x0000000086b00000|  0%| F|  |TAMS 0x0000000086a00000, 0x0000000086a00000| Untracked 
| 107|0x0000000086b00000, 0x0000000086b00000, 0x0000000086c00000|  0%| F|  |TAMS 0x0000000086b00000, 0x0000000086b00000| Untracked 
| 108|0x0000000086c00000, 0x0000000086c00000, 0x0000000086d00000|  0%| F|  |TAMS 0x0000000086c00000, 0x0000000086c00000| Untracked 
| 109|0x0000000086d00000, 0x0000000086d00000, 0x0000000086e00000|  0%| F|  |TAMS 0x0000000086d00000, 0x0000000086d00000| Untracked 
| 110|0x0000000086e00000, 0x0000000086e00000, 0x0000000086f00000|  0%| F|  |TAMS 0x0000000086e00000, 0x0000000086e00000| Untracked 
| 111|0x0000000086f00000, 0x0000000086f00000, 0x0000000087000000|  0%| F|  |TAMS 0x0000000086f00000, 0x0000000086f00000| Untracked 
| 112|0x0000000087000000, 0x0000000087000000, 0x0000000087100000|  0%| F|  |TAMS 0x0000000087000000, 0x0000000087000000| Untracked 
| 113|0x0000000087100000, 0x0000000087100000, 0x0000000087200000|  0%| F|  |TAMS 0x0000000087100000, 0x0000000087100000| Untracked 
| 114|0x0000000087200000, 0x0000000087200000, 0x0000000087300000|  0%| F|  |TAMS 0x0000000087200000, 0x0000000087200000| Untracked 
| 115|0x0000000087300000, 0x0000000087400000, 0x0000000087400000|100%| E|  |TAMS 0x0000000087300000, 0x0000000087300000| Complete 
| 116|0x0000000087400000, 0x0000000087500000, 0x0000000087500000|100%| E|CS|TAMS 0x0000000087400000, 0x0000000087400000| Complete 
| 117|0x0000000087500000, 0x0000000087600000, 0x0000000087600000|100%| E|CS|TAMS 0x0000000087500000, 0x0000000087500000| Complete 
| 118|0x0000000087600000, 0x0000000087700000, 0x0000000087700000|100%| E|CS|TAMS 0x0000000087600000, 0x0000000087600000| Complete 
| 119|0x0000000087700000, 0x0000000087800000, 0x0000000087800000|100%| E|CS|TAMS 0x0000000087700000, 0x0000000087700000| Complete 
| 120|0x0000000087800000, 0x0000000087900000, 0x0000000087900000|100%| E|CS|TAMS 0x0000000087800000, 0x0000000087800000| Complete 
| 121|0x0000000087900000, 0x0000000087a00000, 0x0000000087a00000|100%| E|CS|TAMS 0x0000000087900000, 0x0000000087900000| Complete 
| 122|0x0000000087a00000, 0x0000000087b00000, 0x0000000087b00000|100%| E|CS|TAMS 0x0000000087a00000, 0x0000000087a00000| Complete 
| 123|0x0000000087b00000, 0x0000000087c00000, 0x0000000087c00000|100%| E|CS|TAMS 0x0000000087b00000, 0x0000000087b00000| Complete 
| 124|0x0000000087c00000, 0x0000000087d00000, 0x0000000087d00000|100%| E|CS|TAMS 0x0000000087c00000, 0x0000000087c00000| Complete 
| 125|0x0000000087d00000, 0x0000000087e00000, 0x0000000087e00000|100%| E|CS|TAMS 0x0000000087d00000, 0x0000000087d00000| Complete 
| 126|0x0000000087e00000, 0x0000000087f00000, 0x0000000087f00000|100%| E|CS|TAMS 0x0000000087e00000, 0x0000000087e00000| Complete 
| 127|0x0000000087f00000, 0x0000000088000000, 0x0000000088000000|100%| E|CS|TAMS 0x0000000087f00000, 0x0000000087f00000| Complete 
| 128|0x0000000088000000, 0x0000000088100000, 0x0000000088100000|100%| E|CS|TAMS 0x0000000088000000, 0x0000000088000000| Complete 
| 129|0x0000000088100000, 0x0000000088200000, 0x0000000088200000|100%| E|CS|TAMS 0x0000000088100000, 0x0000000088100000| Complete 
| 130|0x0000000088200000, 0x0000000088300000, 0x0000000088300000|100%| E|CS|TAMS 0x0000000088200000, 0x0000000088200000| Complete 
| 131|0x0000000088300000, 0x0000000088400000, 0x0000000088400000|100%| E|CS|TAMS 0x0000000088300000, 0x0000000088300000| Complete 
| 132|0x0000000088400000, 0x0000000088500000, 0x0000000088500000|100%| E|CS|TAMS 0x0000000088400000, 0x0000000088400000| Complete 
| 133|0x0000000088500000, 0x0000000088600000, 0x0000000088600000|100%| E|CS|TAMS 0x0000000088500000, 0x0000000088500000| Complete 
| 134|0x0000000088600000, 0x0000000088700000, 0x0000000088700000|100%| E|CS|TAMS 0x0000000088600000, 0x0000000088600000| Complete 
| 135|0x0000000088700000, 0x0000000088800000, 0x0000000088800000|100%| E|CS|TAMS 0x0000000088700000, 0x0000000088700000| Complete 
| 136|0x0000000088800000, 0x0000000088900000, 0x0000000088900000|100%| E|CS|TAMS 0x0000000088800000, 0x0000000088800000| Complete 
| 137|0x0000000088900000, 0x0000000088a00000, 0x0000000088a00000|100%| E|CS|TAMS 0x0000000088900000, 0x0000000088900000| Complete 
| 138|0x0000000088a00000, 0x0000000088b00000, 0x0000000088b00000|100%| E|CS|TAMS 0x0000000088a00000, 0x0000000088a00000| Complete 
| 139|0x0000000088b00000, 0x0000000088c00000, 0x0000000088c00000|100%| E|CS|TAMS 0x0000000088b00000, 0x0000000088b00000| Complete 
| 140|0x0000000088c00000, 0x0000000088d00000, 0x0000000088d00000|100%| E|CS|TAMS 0x0000000088c00000, 0x0000000088c00000| Complete 
| 141|0x0000000088d00000, 0x0000000088e00000, 0x0000000088e00000|100%| E|CS|TAMS 0x0000000088d00000, 0x0000000088d00000| Complete 
| 142|0x0000000088e00000, 0x0000000088f00000, 0x0000000088f00000|100%| E|CS|TAMS 0x0000000088e00000, 0x0000000088e00000| Complete 
| 143|0x0000000088f00000, 0x0000000089000000, 0x0000000089000000|100%| E|CS|TAMS 0x0000000088f00000, 0x0000000088f00000| Complete 
| 144|0x0000000089000000, 0x0000000089100000, 0x0000000089100000|100%| E|CS|TAMS 0x0000000089000000, 0x0000000089000000| Complete 
| 145|0x0000000089100000, 0x0000000089200000, 0x0000000089200000|100%| E|CS|TAMS 0x0000000089100000, 0x0000000089100000| Complete 
| 146|0x0000000089200000, 0x0000000089300000, 0x0000000089300000|100%| E|CS|TAMS 0x0000000089200000, 0x0000000089200000| Complete 
| 147|0x0000000089300000, 0x0000000089400000, 0x0000000089400000|100%| E|CS|TAMS 0x0000000089300000, 0x0000000089300000| Complete 
| 148|0x0000000089400000, 0x0000000089500000, 0x0000000089500000|100%| E|CS|TAMS 0x0000000089400000, 0x0000000089400000| Complete 
| 149|0x0000000089500000, 0x0000000089600000, 0x0000000089600000|100%| E|CS|TAMS 0x0000000089500000, 0x0000000089500000| Complete 
| 150|0x0000000089600000, 0x0000000089700000, 0x0000000089700000|100%| E|CS|TAMS 0x0000000089600000, 0x0000000089600000| Complete 
| 151|0x0000000089700000, 0x0000000089800000, 0x0000000089800000|100%| E|CS|TAMS 0x0000000089700000, 0x0000000089700000| Complete 
| 152|0x0000000089800000, 0x0000000089900000, 0x0000000089900000|100%| E|CS|TAMS 0x0000000089800000, 0x0000000089800000| Complete 
| 153|0x0000000089900000, 0x0000000089a00000, 0x0000000089a00000|100%| E|CS|TAMS 0x0000000089900000, 0x0000000089900000| Complete 

Card table byte_map: [0x0000014669ff0000,0x000001466a3f0000] _byte_map_base: 0x0000014669bf0000

Marking Bits (Prev, Next): (CMBitMap*) 0x0000014653578408, (CMBitMap*) 0x0000014653578440
 Prev Bits: [0x000001466a7f0000, 0x000001466c7f0000)
 Next Bits: [0x000001466c7f0000, 0x000001466e7f0000)

Polling page: 0x0000014652d20000

Metaspace:

Usage:
  Non-class:     35.42 MB capacity,    34.71 MB ( 98%) used,   578.09 KB (  2%) free+waste,   145.00 KB ( <1%) overhead. 
      Class:      5.22 MB capacity,     4.75 MB ( 91%) used,   413.91 KB (  8%) free+waste,    70.94 KB (  1%) overhead. 
       Both:     40.64 MB capacity,    39.46 MB ( 97%) used,   992.00 KB (  2%) free+waste,   215.94 KB ( <1%) overhead. 

Virtual space:
  Non-class space:       36.00 MB reserved,      35.42 MB ( 98%) committed 
      Class space:        1.00 GB reserved,       5.25 MB ( <1%) committed 
             Both:        1.04 GB reserved,      40.67 MB (  4%) committed 

Chunk freelists:
   Non-Class:  128 bytes
       Class:  0 bytes
        Both:  128 bytes

CodeHeap 'non-profiled nmethods': size=120064Kb used=1643Kb max_used=1643Kb free=118420Kb
 bounds [0x00000146626b0000, 0x0000014662920000, 0x0000014669bf0000]
CodeHeap 'profiled nmethods': size=120000Kb used=8288Kb max_used=8288Kb free=111711Kb
 bounds [0x000001465b180000, 0x000001465b9a0000, 0x00000146626b0000]
CodeHeap 'non-nmethods': size=5696Kb used=1150Kb max_used=1178Kb free=4545Kb
 bounds [0x000001465abf0000, 0x000001465ae60000, 0x000001465b180000]
 total_blobs=4261 nmethods=3793 adapters=379
 compilation: enabled
              stopped_count=0, restarted_count=0
 full_count=0

Compilation events (10 events):
Event: 7.990 Thread 0x00000146709ec000 3801       2       org.springframework.util.ReflectionUtils$$Lambda$23/0x00000001000c4840::matches (5 bytes)
Event: 7.990 Thread 0x00000146709ec000 nmethod 3801 0x000001465b995d90 code [0x000001465b995f20, 0x000001465b996098]
Event: 7.992 Thread 0x00000146709ec000 3802   !   2       com.sun.proxy.$Proxy43::annotationType (29 bytes)
Event: 7.992 Thread 0x00000146709ec000 nmethod 3802 0x000001465b996190 code [0x000001465b996340, 0x000001465b996598]
Event: 7.993 Thread 0x00000146709ec000 3803       2       org.springframework.beans.factory.config.BeanPostProcessor::postProcessAfterInitialization (2 bytes)
Event: 7.993 Thread 0x00000146709ec000 nmethod 3803 0x000001465b996710 code [0x000001465b9968a0, 0x000001465b996998]
Event: 8.003 Thread 0x00000146709ec000 3804       2       org.springframework.beans.factory.config.InstantiationAwareBeanPostProcessorAdapter::postProcessAfterInitialization (2 bytes)
Event: 8.003 Thread 0x00000146709ec000 nmethod 3804 0x000001465b996a10 code [0x000001465b996ba0, 0x000001465b996c98]
Event: 8.006 Thread 0x00000146709ec000 3805       2       org.springframework.core.annotation.MergedAnnotation$Adapt::values (34 bytes)
Event: 8.006 Thread 0x00000146709ec000 nmethod 3805 0x000001465b996d10 code [0x000001465b996ee0, 0x000001465b997178]

GC Heap History (10 events):
Event: 1.536 GC heap before
{Heap before GC invocations=2 (full 0):
 garbage-first heap   total 131072K, used 15426K [0x0000000080000000, 0x0000000100000000)
  region size 1024K, 12 young (12288K), 1 survivors (1024K)
 Metaspace       used 14181K, capacity 14468K, committed 14592K, reserved 1062912K
  class space    used 1408K, capacity 1515K, committed 1536K, reserved 1048576K
}
Event: 1.541 GC heap after
{Heap after GC invocations=3 (full 0):
 garbage-first heap   total 131072K, used 4907K [0x0000000080000000, 0x0000000100000000)
  region size 1024K, 2 young (2048K), 2 survivors (2048K)
 Metaspace       used 14181K, capacity 14468K, committed 14592K, reserved 1062912K
  class space    used 1408K, capacity 1515K, committed 1536K, reserved 1048576K
}
Event: 1.904 GC heap before
{Heap before GC invocations=3 (full 0):
 garbage-first heap   total 131072K, used 21291K [0x0000000080000000, 0x0000000100000000)
  region size 1024K, 18 young (18432K), 2 survivors (2048K)
 Metaspace       used 17966K, capacity 18341K, committed 18432K, reserved 1064960K
  class space    used 1841K, capacity 1988K, committed 2048K, reserved 1048576K
}
Event: 1.911 GC heap after
{Heap after GC invocations=4 (full 0):
 garbage-first heap   total 131072K, used 5729K [0x0000000080000000, 0x0000000100000000)
  region size 1024K, 3 young (3072K), 3 survivors (3072K)
 Metaspace       used 17966K, capacity 18341K, committed 18432K, reserved 1064960K
  class space    used 1841K, capacity 1988K, committed 2048K, reserved 1048576K
}
Event: 2.293 GC heap before
{Heap before GC invocations=4 (full 0):
 garbage-first heap   total 131072K, used 18017K [0x0000000080000000, 0x0000000100000000)
  region size 1024K, 17 young (17408K), 3 survivors (3072K)
 Metaspace       used 20688K, capacity 21128K, committed 21296K, reserved 1069056K
  class space    used 2252K, capacity 2432K, committed 2432K, reserved 1048576K
}
Event: 2.307 GC heap after
{Heap after GC invocations=5 (full 0):
 garbage-first heap   total 157696K, used 6055K [0x0000000080000000, 0x0000000100000000)
  region size 1024K, 2 young (2048K), 2 survivors (2048K)
 Metaspace       used 20688K, capacity 21128K, committed 21296K, reserved 1069056K
  class space    used 2252K, capacity 2432K, committed 2432K, reserved 1048576K
}
Event: 4.245 GC heap before
{Heap before GC invocations=6 (full 0):
 garbage-first heap   total 157696K, used 50087K [0x0000000080000000, 0x0000000100000000)
  region size 1024K, 45 young (46080K), 2 survivors (2048K)
 Metaspace       used 25979K, capacity 26713K, committed 26928K, reserved 1073152K
  class space    used 2915K, capacity 3198K, committed 3200K, reserved 1048576K
}
Event: 4.258 GC heap after
{Heap after GC invocations=7 (full 0):
 garbage-first heap   total 157696K, used 8021K [0x0000000080000000, 0x0000000100000000)
  region size 1024K, 4 young (4096K), 4 survivors (4096K)
 Metaspace       used 25979K, capacity 26713K, committed 26928K, reserved 1073152K
  class space    used 2915K, capacity 3198K, committed 3200K, reserved 1048576K
}
Event: 6.449 GC heap before
{Heap before GC invocations=7 (full 0):
 garbage-first heap   total 157696K, used 56149K [0x0000000080000000, 0x0000000100000000)
  region size 1024K, 52 young (53248K), 4 survivors (4096K)
 Metaspace       used 34601K, capacity 35526K, committed 35632K, reserved 1081344K
  class space    used 4012K, capacity 4385K, committed 4480K, reserved 1048576K
}
Event: 6.476 GC heap after
{Heap after GC invocations=8 (full 0):
 garbage-first heap   total 157696K, used 11176K [0x0000000080000000, 0x0000000100000000)
  region size 1024K, 7 young (7168K), 7 survivors (7168K)
 Metaspace       used 34601K, capacity 35526K, committed 35632K, reserved 1081344K
  class space    used 4012K, capacity 4385K, committed 4480K, reserved 1048576K
}

Deoptimization events (10 events):
Event: 6.783 Thread 0x0000014672137800 Uncommon trap: reason=unstable_if action=reinterpret pc=0x0000014662822cf0 method=sun.text.normalizer.NormalizerImpl.isDecompNoAlgorithmic(I)Z @ 5 c2
Event: 6.789 Thread 0x0000014672137800 Uncommon trap: reason=unstable_fused_if action=reinterpret pc=0x0000014662823f5c method=sun.text.normalizer.Trie2_16.get(I)I @ 1 c2
Event: 6.927 Thread 0x0000014672137800 Uncommon trap: reason=unstable_if action=reinterpret pc=0x00000146627df914 method=org.springframework.util.ConcurrentReferenceHashMap$Segment.findInChain(Lorg/springframework/util/ConcurrentReferenceHashMap$Reference;Ljava/lang/Object;I)Lorg/springframewo
Event: 6.927 Thread 0x0000014672137800 Uncommon trap: reason=unstable_if action=reinterpret pc=0x00000146627a143c method=org.springframework.util.ConcurrentReferenceHashMap$Segment.findInChain(Lorg/springframework/util/ConcurrentReferenceHashMap$Reference;Ljava/lang/Object;I)Lorg/springframewo
Event: 7.094 Thread 0x0000014672137800 Uncommon trap: reason=speculate_null_assert action=make_not_entrant pc=0x000001466274f2fc method=org.springframework.util.ConcurrentReferenceHashMap$Segment.restructureIfNecessary(Z)V @ 41 c2
Event: 7.113 Thread 0x0000014672137800 Uncommon trap: reason=unstable_if action=reinterpret pc=0x000001466282c044 method=java.lang.reflect.Executable.equalParamTypes([Ljava/lang/Class;[Ljava/lang/Class;)Z @ 4 c2
Event: 7.402 Thread 0x0000014672137800 Uncommon trap: reason=class_check action=maybe_recompile pc=0x00000146627d654c method=org.springframework.beans.factory.support.AbstractBeanFactory.isTypeMatch(Ljava/lang/String;Lorg/springframework/core/ResolvableType;Z)Z @ 53 c2
Event: 7.404 Thread 0x0000014672137800 Uncommon trap: reason=class_check action=maybe_recompile pc=0x00000146627d654c method=org.springframework.beans.factory.support.AbstractBeanFactory.isTypeMatch(Ljava/lang/String;Lorg/springframework/core/ResolvableType;Z)Z @ 53 c2
Event: 7.431 Thread 0x0000014672137800 Uncommon trap: reason=class_check action=maybe_recompile pc=0x00000146627d654c method=org.springframework.beans.factory.support.AbstractBeanFactory.isTypeMatch(Ljava/lang/String;Lorg/springframework/core/ResolvableType;Z)Z @ 53 c2
Event: 7.436 Thread 0x0000014672137800 Uncommon trap: reason=class_check action=maybe_recompile pc=0x00000146627d654c method=org.springframework.beans.factory.support.AbstractBeanFactory.isTypeMatch(Ljava/lang/String;Lorg/springframework/core/ResolvableType;Z)Z @ 53 c2

Classes redefined (0 events):
No events

Internal exceptions (10 events):
Event: 7.619 Thread 0x0000014672137800 Exception <a 'java/lang/ClassNotFoundException'{0x0000000087fe7bf0}: org/springframework/web/servlet/config/annotation/WebMvcConfigurationSupportCustomizer> (0x0000000087fe7bf0) thrown at [./open/src/hotspot/share/classfile/systemDictionary.cpp, line 226]
Event: 7.629 Thread 0x0000014672137800 Exception <a 'java/lang/ClassNotFoundException'{0x0000000087fff6e8}: org/springframework/web/servlet/config/annotation/DelegatingWebMvcConfigurationCustomizer> (0x0000000087fff6e8) thrown at [./open/src/hotspot/share/classfile/systemDictionary.cpp, line 2
Event: 7.630 Thread 0x0000014672137800 Exception <a 'java/lang/ClassNotFoundException'{0x0000000087e0f398}: org/springframework/boot/autoconfigure/web/servlet/WebMvcAutoConfiguration$EnableWebMvcConfigurationCustomizer> (0x0000000087e0f398) thrown at [./open/src/hotspot/share/classfile/systemD
Event: 7.631 Thread 0x0000014672137800 Exception <a 'java/lang/ClassNotFoundException'{0x0000000087e24b58}: org/springframework/context/ResourceLoaderAwareCustomizer> (0x0000000087e24b58) thrown at [./open/src/hotspot/share/classfile/systemDictionary.cpp, line 226]
Event: 7.632 Thread 0x0000014672137800 Exception <a 'java/lang/ClassNotFoundException'{0x0000000087e2d070}: org/springframework/beans/factory/AwareCustomizer> (0x0000000087e2d070) thrown at [./open/src/hotspot/share/classfile/systemDictionary.cpp, line 226]
Event: 7.632 Thread 0x0000014672137800 Exception <a 'java/lang/ClassNotFoundException'{0x0000000087e354a0}: org/springframework/context/ApplicationContextAwareCustomizer> (0x0000000087e354a0) thrown at [./open/src/hotspot/share/classfile/systemDictionary.cpp, line 226]
Event: 7.633 Thread 0x0000014672137800 Exception <a 'java/lang/ClassNotFoundException'{0x0000000087e3e358}: org/springframework/beans/factory/AwareCustomizer> (0x0000000087e3e358) thrown at [./open/src/hotspot/share/classfile/systemDictionary.cpp, line 226]
Event: 7.633 Thread 0x0000014672137800 Exception <a 'java/lang/ClassNotFoundException'{0x0000000087e46760}: org/springframework/web/context/ServletContextAwareCustomizer> (0x0000000087e46760) thrown at [./open/src/hotspot/share/classfile/systemDictionary.cpp, line 226]
Event: 7.634 Thread 0x0000014672137800 Exception <a 'java/lang/ClassNotFoundException'{0x0000000087e4f0f0}: org/springframework/beans/factory/AwareCustomizer> (0x0000000087e4f0f0) thrown at [./open/src/hotspot/share/classfile/systemDictionary.cpp, line 226]
Event: 7.666 Thread 0x0000014672137800 Exception <a 'java/lang/NoSuchMethodError'{0x0000000087ef4cf0}: java.lang.invoke.DirectMethodHandle$Holder.invokeVirtual(Ljava/lang/Object;Ljava/lang/Object;Ljava/lang/Object;Ljava/lang/Object;)V> (0x0000000087ef4cf0) thrown at [./open/src/hotspot/share/i

Events (10 events):
Event: 8.000 loading class groovy/text$TemplateEngine
Event: 8.000 loading class groovy/text$TemplateEngine done
Event: 8.000 loading class org/thymeleaf/spring5/SpringTemplateEngine
Event: 8.000 loading class org/thymeleaf/spring5/SpringTemplateEngine done
Event: 8.000 loading class org/thymeleaf/spring5$SpringTemplateEngine
Event: 8.000 loading class org/thymeleaf/spring5$SpringTemplateEngine done
Event: 8.001 loading class org/apache/jasper/compiler/JspConfig
Event: 8.001 loading class org/apache/jasper/compiler/JspConfig done
Event: 8.001 loading class org/apache/jasper/compiler$JspConfig
Event: 8.001 loading class org/apache/jasper/compiler$JspConfig done


Dynamic libraries:
0x00007ff79cfd0000 - 0x00007ff79cfdf000 	C:\Program Files\Java\jdk-11.0.15\bin\java.exe
0x00007ff983670000 - 0x00007ff983868000 	C:\Windows\SYSTEM32\ntdll.dll
0x00007ff982430000 - 0x00007ff9824ed000 	C:\Windows\System32\KERNEL32.DLL
0x00007ff981230000 - 0x00007ff9814fe000 	C:\Windows\System32\KERNELBASE.dll
0x00007ff980e30000 - 0x00007ff980f30000 	C:\Windows\System32\ucrtbase.dll
0x00007ff96c810000 - 0x00007ff96c828000 	C:\Program Files\Java\jdk-11.0.15\bin\jli.dll
0x00007ff982970000 - 0x00007ff982a1e000 	C:\Windows\System32\ADVAPI32.dll
0x00007ff982c80000 - 0x00007ff982d1e000 	C:\Windows\System32\msvcrt.dll
0x00007ff981a90000 - 0x00007ff981b2c000 	C:\Windows\System32\sechost.dll
0x00007ff983500000 - 0x00007ff983625000 	C:\Windows\System32\RPCRT4.dll
0x00007ff982030000 - 0x00007ff9821d0000 	C:\Windows\System32\USER32.dll
0x00007ff980e00000 - 0x00007ff980e22000 	C:\Windows\System32\win32u.dll
0x00007ff981a60000 - 0x00007ff981a8a000 	C:\Windows\System32\GDI32.dll
0x00007ff981530000 - 0x00007ff98163b000 	C:\Windows\System32\gdi32full.dll
0x00007ff9810e0000 - 0x00007ff98117d000 	C:\Windows\System32\msvcp_win.dll
0x00007ff96c7f0000 - 0x00007ff96c805000 	C:\Program Files\Java\jdk-11.0.15\bin\VCRUNTIME140.dll
0x00007ff96c550000 - 0x00007ff96c7ea000 	C:\Windows\WinSxS\amd64_microsoft.windows.common-controls_6595b64144ccf1df_6.0.19041.1110_none_60b5254171f9507e\COMCTL32.dll
0x00007ff9790e0000 - 0x00007ff9790ea000 	C:\Windows\SYSTEM32\VERSION.dll
0x00007ff982000000 - 0x00007ff982030000 	C:\Windows\System32\IMM32.DLL
0x00007ff96c4b0000 - 0x00007ff96c54b000 	C:\Program Files\Java\jdk-11.0.15\bin\msvcp140.dll
0x00007ff96b990000 - 0x00007ff96c4a6000 	C:\Program Files\Java\jdk-11.0.15\bin\server\jvm.dll
0x00007ff982240000 - 0x00007ff982248000 	C:\Windows\System32\PSAPI.DLL
0x00007ff96b980000 - 0x00007ff96b989000 	C:\Windows\SYSTEM32\WSOCK32.dll
0x00007ff9821d0000 - 0x00007ff98223b000 	C:\Windows\System32\WS2_32.dll
0x00007ff96b950000 - 0x00007ff96b977000 	C:\Windows\SYSTEM32\WINMM.dll
0x00007ff97eb90000 - 0x00007ff97eba2000 	C:\Windows\SYSTEM32\kernel.appcore.dll
0x00007ff96b900000 - 0x00007ff96b910000 	C:\Program Files\Java\jdk-11.0.15\bin\verify.dll
0x00007ff970bb0000 - 0x00007ff970d94000 	C:\Windows\SYSTEM32\DBGHELP.DLL
0x00007ff970b80000 - 0x00007ff970bac000 	C:\Windows\SYSTEM32\dbgcore.DLL
0x00007ff981640000 - 0x00007ff9816c2000 	C:\Windows\System32\bcryptPrimitives.dll
0x00007ff96b8d0000 - 0x00007ff96b8f8000 	C:\Program Files\Java\jdk-11.0.15\bin\java.dll
0x00007ff96b8c0000 - 0x00007ff96b8ca000 	C:\Program Files\Java\jdk-11.0.15\bin\jimage.dll
0x00007ff97c870000 - 0x00007ff97c87e000 	C:\Program Files\Java\jdk-11.0.15\bin\instrument.dll
0x00007ff96b8a0000 - 0x00007ff96b8b6000 	C:\Program Files\Java\jdk-11.0.15\bin\zip.dll
0x00007ff982d30000 - 0x00007ff983474000 	C:\Windows\System32\SHELL32.dll
0x00007ff97ee70000 - 0x00007ff97f604000 	C:\Windows\SYSTEM32\windows.storage.dll
0x00007ff982610000 - 0x00007ff982964000 	C:\Windows\System32\combase.dll
0x00007ff980640000 - 0x00007ff980670000 	C:\Windows\SYSTEM32\Wldp.dll
0x00007ff982a20000 - 0x00007ff982acd000 	C:\Windows\System32\SHCORE.dll
0x00007ff9825b0000 - 0x00007ff982605000 	C:\Windows\System32\shlwapi.dll
0x00007ff980cd0000 - 0x00007ff980cef000 	C:\Windows\SYSTEM32\profapi.dll
0x00007ff96af70000 - 0x00007ff96af89000 	C:\Program Files\Java\jdk-11.0.15\bin\net.dll
0x00007ff978930000 - 0x00007ff978a3a000 	C:\Windows\SYSTEM32\WINHTTP.dll
0x00007ff980420000 - 0x00007ff98048a000 	C:\Windows\system32\mswsock.dll
0x00007ff96af50000 - 0x00007ff96af62000 	C:\Program Files\Java\jdk-11.0.15\bin\nio.dll
0x00007ff967fd0000 - 0x00007ff967fea000 	C:\Program Files\JetBrains\IntelliJ IDEA Community Edition 2022.2.1\bin\breakgen64.dll
0x00007ff96c920000 - 0x00007ff96c929000 	C:\Program Files\Java\jdk-11.0.15\bin\management.dll
0x00007ff969e10000 - 0x00007ff969e1b000 	C:\Program Files\Java\jdk-11.0.15\bin\management_ext.dll
0x00007ff967240000 - 0x00007ff967257000 	C:\Windows\system32\napinsp.dll
0x00007ff967220000 - 0x00007ff96723b000 	C:\Windows\system32\pnrpnsp.dll
0x00007ff967200000 - 0x00007ff967215000 	C:\Windows\system32\wshbth.dll
0x00007ff97c720000 - 0x00007ff97c73d000 	C:\Windows\system32\NLAapi.dll
0x00007ff980130000 - 0x00007ff98016b000 	C:\Windows\SYSTEM32\IPHLPAPI.DLL
0x00007ff980170000 - 0x00007ff98023a000 	C:\Windows\SYSTEM32\DNSAPI.dll
0x00007ff982d20000 - 0x00007ff982d28000 	C:\Windows\System32\NSI.dll
0x00007ff9671e0000 - 0x00007ff9671f2000 	C:\Windows\System32\winrnr.dll
0x00007ff977dd0000 - 0x00007ff977dda000 	C:\Windows\System32\rasadhlp.dll
0x00007ff9788a0000 - 0x00007ff978920000 	C:\Windows\System32\fwpuclnt.dll
0x00007ff981500000 - 0x00007ff981527000 	C:\Windows\System32\bcrypt.dll
0x00007ff980680000 - 0x00007ff980698000 	C:\Windows\SYSTEM32\CRYPTSP.dll
0x00007ff97fdc0000 - 0x00007ff97fdf4000 	C:\Windows\system32\rsaenh.dll
0x00007ff980c50000 - 0x00007ff980c7e000 	C:\Windows\SYSTEM32\USERENV.dll
0x00007ff9805b0000 - 0x00007ff9805bc000 	C:\Windows\SYSTEM32\CRYPTBASE.dll
0x00007ff979860000 - 0x00007ff979877000 	C:\Windows\SYSTEM32\dhcpcsvc6.DLL
0x00007ff979840000 - 0x00007ff97985d000 	C:\Windows\SYSTEM32\dhcpcsvc.DLL

dbghelp: loaded successfully - version: 4.0.5 - missing functions: none
symbol engine: initialized successfully - sym options: 0x614 - pdb path: .;C:\Program Files\Java\jdk-11.0.15\bin;C:\Windows\SYSTEM32;C:\Windows\WinSxS\amd64_microsoft.windows.common-controls_6595b64144ccf1df_6.0.19041.1110_none_60b5254171f9507e;C:\Program Files\Java\jdk-11.0.15\bin\server;C:\Program Files\JetBrains\IntelliJ IDEA Community Edition 2022.2.1\bin

VM Arguments:
jvm_args: -javaagent:C:\Program Files\JetBrains\IntelliJ IDEA Community Edition 2022.2.1\lib\idea_rt.jar=55946:C:\Program Files\JetBrains\IntelliJ IDEA Community Edition 2022.2.1\bin -Dfile.encoding=UTF-8 
java_command: com.spring.mongo.demo.SpringBootMongoDBApplication
java_class_path (initial): C:\Users\sfjbs\Downloads\spring_boot_mongodb-main\spring_boot_mongodb-main\target\classes;C:\Users\sfjbs\.m2\repository\org\springframework\boot\spring-boot-starter-web\2.3.2.RELEASE\spring-boot-starter-web-2.3.2.RELEASE.jar;C:\Users\sfjbs\.m2\repository\org\springframework\boot\spring-boot-starter\2.3.2.RELEASE\spring-boot-starter-2.3.2.RELEASE.jar;C:\Users\sfjbs\.m2\repository\org\springframework\boot\spring-boot-starter-logging\2.3.2.RELEASE\spring-boot-starter-logging-2.3.2.RELEASE.jar;C:\Users\sfjbs\.m2\repository\ch\qos\logback\logback-classic\1.2.3\logback-classic-1.2.3.jar;C:\Users\sfjbs\.m2\repository\ch\qos\logback\logback-core\1.2.3\logback-core-1.2.3.jar;C:\Users\sfjbs\.m2\repository\org\apache\logging\log4j\log4j-to-slf4j\2.13.3\log4j-to-slf4j-2.13.3.jar;C:\Users\sfjbs\.m2\repository\org\apache\logging\log4j\log4j-api\2.13.3\log4j-api-2.13.3.jar;C:\Users\sfjbs\.m2\repository\org\slf4j\jul-to-slf4j\1.7.30\jul-to-slf4j-1.7.30.jar;C:\Users\sfjbs\.m2\repository\jakarta\annotation\jakarta.annotation-api\1.3.5\jakarta.annotation-api-1.3.5.jar;C:\Users\sfjbs\.m2\repository\org\yaml\snakeyaml\1.26\snakeyaml-1.26.jar;C:\Users\sfjbs\.m2\repository\org\springframework\boot\spring-boot-starter-json\2.3.2.RELEASE\spring-boot-starter-json-2.3.2.RELEASE.jar;C:\Users\sfjbs\.m2\repository\com\fasterxml\jackson\core\jackson-databind\2.11.1\jackson-databind-2.11.1.jar;C:\Users\sfjbs\.m2\repository\com\fasterxml\jackson\core\jackson-annotations\2.11.1\jackson-annotations-2.11.1.jar;C:\Users\sfjbs\.m2\repository\com\fasterxml\jackson\core\jackson-core\2.11.1\jackson-core-2.11.1.jar;C:\Users\sfjbs\.m2\repository\com\fasterxml\jackson\datatype\jackson-datatype-jdk8\2.11.1\jackson-datatype-jdk8-2.11.1.jar;C:\Users\sfjbs\.m2\repository\com\fasterxml\jackson\datatype\jackson-datatype-jsr310\2.11.1\jackson-datatype-jsr310-2.11.1.jar;C:\Users\sfjbs\.m2\repository\com\fasterxml\jackson\module\jackson-module-parameter-names\2.11.1\jackson-module-paramete
Launcher Type: SUN_STANDARD

[Global flags]
     intx CICompilerCount                          = 2                                         {product} {ergonomic}
     uint ConcGCThreads                            = 1                                         {product} {ergonomic}
     uint G1ConcRefinementThreads                  = 2                                         {product} {ergonomic}
   size_t G1HeapRegionSize                         = 1048576                                   {product} {ergonomic}
    uintx GCDrainStackTargetSize                   = 64                                        {product} {ergonomic}
   size_t InitialHeapSize                          = 134217728                                 {product} {ergonomic}
   size_t MarkStackSize                            = 4194304                                   {product} {ergonomic}
   size_t MaxHeapSize                              = 2147483648                                {product} {ergonomic}
   size_t MaxNewSize                               = 1287651328                                {product} {ergonomic}
   size_t MinHeapDeltaBytes                        = 1048576                                   {product} {ergonomic}
    uintx NonNMethodCodeHeapSize                   = 5825164                                {pd product} {ergonomic}
    uintx NonProfiledCodeHeapSize                  = 122916538                              {pd product} {ergonomic}
    uintx ProfiledCodeHeapSize                     = 122916538                              {pd product} {ergonomic}
    uintx ReservedCodeCacheSize                    = 251658240                              {pd product} {ergonomic}
     bool SegmentedCodeCache                       = true                                      {product} {ergonomic}
     bool UseCompressedClassPointers               = true                                 {lp64_product} {ergonomic}
     bool UseCompressedOops                        = true                                 {lp64_product} {ergonomic}
     bool UseG1GC                                  = true                                      {product} {ergonomic}
     bool UseLargePagesIndividualAllocation        = false                                  {pd product} {ergonomic}

Logging:
Log output configuration:
 #0: stdout all=warning uptime,level,tags
 #1: stderr all=off uptime,level,tags

Environment Variables:
PATH=C:\Program Files\Common Files\Oracle\Java\javapath;C:\Windows\system32;C:\Windows;C:\Windows\System32\Wbem;C:\Windows\System32\WindowsPowerShell\v1.0\;C:\Windows\System32\OpenSSH\;C:\Program Files\PuTTY\;C:\Program Files\Git\cmd;C:\Program Files\Docker\Docker\resources\bin;C:\ProgramData\DockerDesktop\version-bin;C:\Users\sfjbs\Downloads\apache-maven-3.8.6-bin\apache-maven-3.8.6\bin;C:\Users\sfjbs\Downloads\apache-maven-3.8.6-bin\apache-maven-3.8.6\lib;C:\Users\sfjbs\AppData\Local\Microsoft\WindowsApps;C:\Program Files\JetBrains\IntelliJ IDEA Community Edition 2022.2.1\bin;;C:\Users\sfjbs\Downloads\apache-maven-3.8.6-bin\apache-maven-3.8.6\bin;C:\Users\sfjbs\Downloads\apache-maven-3.8.6-bin\apache-maven-3.8.6\lib;
USERNAME=sfjbs
OS=Windows_NT
PROCESSOR_IDENTIFIER=Intel64 Family 6 Model 85 Stepping 7, GenuineIntel



---------------  S Y S T E M  ---------------

OS: Windows 10 , 64 bit Build 19041 (10.0.19041.1889)
Hyper-V role detected

CPU:total 2 (initial active 2) (1 cores per cpu, 2 threads per core) family 6 model 85 stepping 7 microcode 0xffffffff, cmov, cx8, fxsr, mmx, sse, sse2, sse3, ssse3, sse4.1, sse4.2, popcnt, avx, avx2, aes, clmul, erms, rtm, 3dnowpref, lzcnt, ht, tsc, bmi1, bmi2, adx, evex, fma

Memory: 4k page, system-wide physical 8190M (1115M free)
TotalPageFile size 10238M (AvailPageFile size 4M)
current process WorkingSet (physical memory assigned to process): 194M, peak: 194M
current process commit charge ("private bytes"): 313M, peak: 313M

vm_info: Java HotSpot(TM) 64-Bit Server VM (11.0.15+8-LTS-149) for windows-amd64 JRE (11.0.15+8-LTS-149), built on Mar  9 2022 22:42:32 by "mach5one" with MS VC++ 15.9 (VS2017)

END.
